<?xml version="1.0"?><coverage lines-covered="339" lines-valid="357" line-rate="0.9495798319327731" branches-covered="0" branches-valid="0" branch-rate="0" complexity="0" version="1.9" timestamp="1710750118"><sources><source>/__w/treasury-contract/treasury-contract</source></sources><packages><package name="src" line-rate="0.9495798319327731" branch-rate="0" complexity="0"><classes><class name="contract" filename="src/contract.rs" line-rate="0.9382716049382716" branch-rate="0" complexity="0"><methods/><lines><line number="30" hits="8"/><line number="36" hits="8"/><line number="39" hits="8"/><line number="40" hits="8"/><line number="41" hits="8"/><line number="47" hits="0"/><line number="49" hits="16"/><line number="50" hits="8"/><line number="52" hits="24"/><line number="53" hits="16"/><line number="54" hits="16"/><line number="55" hits="16"/><line number="56" hits="16"/><line number="61" hits="0"/><line number="62" hits="8"/><line number="66" hits="8"/><line number="72" hits="8"/><line number="74" hits="2"/><line number="75" hits="2"/><line number="76" hits="2"/><line number="77" hits="2"/><line number="78" hits="2"/><line number="80" hits="3"/><line number="81" hits="3"/><line number="84" hits="1"/><line number="85" hits="1"/><line number="89" hits="2"/><line number="96" hits="4"/><line number="98" hits="1"/><line number="102" hits="1"/><line number="103" hits="1"/><line number="104" hits="1"/><line number="107" hits="1"/><line number="109" hits="1"/><line number="110" hits="1"/><line number="111" hits="1"/><line number="112" hits="1"/><line number="115" hits="2"/><line number="121" hits="4"/><line number="124" hits="1"/><line number="127" hits="1"/><line number="129" hits="2"/><line number="130" hits="2"/><line number="131" hits="2"/><line number="132" hits="2"/><line number="133" hits="2"/><line number="138" hits="0"/><line number="140" hits="1"/><line number="143" hits="3"/><line number="149" hits="6"/><line number="152" hits="1"/><line number="155" hits="2"/><line number="165" hits="2"/><line number="167" hits="2"/><line number="168" hits="1"/><line number="169" hits="1"/><line number="170" hits="1"/><line number="171" hits="1"/><line number="174" hits="3"/><line number="180" hits="6"/><line number="183" hits="2"/><line number="185" hits="1"/><line number="187" hits="1"/><line number="189" hits="1"/><line number="191" hits="4"/><line number="192" hits="3"/><line number="194" hits="3"/><line number="195" hits="3"/><line number="196" hits="3"/><line number="197" hits="3"/><line number="200" hits="3"/><line number="201" hits="3"/><line number="203" hits="3"/><line number="204" hits="3"/><line number="208" hits="3"/><line number="209" hits="0"/><line number="212" hits="3"/><line number="213" hits="3"/><line number="214" hits="3"/><line number="216" hits="3"/><line number="217" hits="0"/><line number="220" hits="3"/><line number="221" hits="2"/><line number="223" hits="2"/><line number="224" hits="1"/><line number="225" hits="1"/><line number="226" hits="1"/><line number="227" hits="1"/><line number="228" hits="1"/><line number="229" hits="1"/><line number="231" hits="1"/><line number="235" hits="1"/><line number="236" hits="1"/><line number="237" hits="1"/><line number="238" hits="1"/><line number="239" hits="1"/><line number="240" hits="1"/><line number="241" hits="1"/><line number="242" hits="1"/><line number="243" hits="1"/><line number="244" hits="1"/><line number="247" hits="1"/><line number="251" hits="1"/><line number="252" hits="1"/><line number="253" hits="2"/><line number="255" hits="1"/><line number="256" hits="1"/><line number="257" hits="1"/><line number="260" hits="1"/><line number="261" hits="0"/><line number="264" hits="1"/><line number="265" hits="1"/><line number="266" hits="1"/><line number="267" hits="1"/><line number="268" hits="1"/><line number="269" hits="1"/><line number="272" hits="1"/><line number="273" hits="1"/><line number="274" hits="0"/><line number="277" hits="1"/><line number="278" hits="1"/><line number="279" hits="1"/><line number="280" hits="1"/><line number="282" hits="1"/><line number="285" hits="1"/><line number="286" hits="1"/><line number="287" hits="1"/><line number="290" hits="1"/><line number="297" hits="1"/><line number="298" hits="1"/><line number="299" hits="1"/><line number="303" hits="1"/><line number="307" hits="6"/><line number="308" hits="3"/><line number="309" hits="0"/><line number="318" hits="1"/><line number="319" hits="1"/><line number="322" hits="1"/><line number="325" hits="2"/><line number="330" hits="2"/><line number="331" hits="2"/><line number="333" hits="6"/><line number="334" hits="4"/><line number="336" hits="8"/><line number="338" hits="2"/><line number="339" hits="2"/><line number="340" hits="2"/><line number="341" hits="2"/><line number="343" hits="2"/><line number="345" hits="2"/><line number="346" hits="2"/><line number="347" hits="2"/><line number="348" hits="2"/><line number="349" hits="2"/><line number="350" hits="2"/><line number="352" hits="2"/><line number="361" hits="12"/><line number="362" hits="12"/><line number="363" hits="6"/><line number="365" hits="6"/><line number="371" hits="0"/><line number="372" hits="0"/></lines></class><class name="helpers" filename="src/helpers.rs" line-rate="0.6666666666666666" branch-rate="0" complexity="0"><methods/><lines><line number="4" hits="3"/><line number="5" hits="3"/><line number="10" hits="0"/></lines></class></classes></package><package name="src/multitest" line-rate="0.9635416666666666" branch-rate="0" complexity="0"><classes><class name="contract" filename="src/multitest/contract.rs" line-rate="1" branch-rate="0" complexity="0"><methods/><lines><line number="15" hits="9"/><line number="16" hits="9"/><line number="19" hits="3"/><line number="20" hits="3"/><line number="21" hits="3"/><line number="25" hits="3"/><line number="34" hits="3"/><line number="35" hits="3"/><line number="36" hits="3"/><line number="37" hits="3"/><line number="38" hits="3"/><line number="39" hits="3"/><line number="40" hits="3"/><line number="41" hits="3"/><line number="42" hits="3"/><line number="44" hits="3"/><line number="46" hits="3"/><line number="48" hits="3"/><line number="49" hits="6"/><line number="53" hits="2"/><line number="59" hits="2"/><line number="60" hits="2"/><line number="61" hits="2"/><line number="62" hits="2"/><line number="63" hits="2"/><line number="65" hits="5"/><line number="70" hits="2"/><line number="71" hits="2"/></lines></class><class name="contract_ping_pong_mock" filename="src/multitest/contract_ping_pong_mock.rs" line-rate="0.9047619047619048" branch-rate="0" complexity="0"><methods/><lines><line number="27" hits="4"/><line number="28" hits="4"/><line number="31" hits="3"/><line number="33" hits="4"/><line number="34" hits="1"/><line number="35" hits="1"/><line number="36" hits="1"/><line number="40" hits="9"/><line number="41" hits="6"/><line number="43" hits="3"/><line number="46" hits="3"/><line number="47" hits="3"/><line number="48" hits="3"/><line number="50" hits="3"/><line number="51" hits="3"/><line number="52" hits="3"/><line number="53" hits="3"/><line number="55" hits="3"/><line number="59" hits="3"/><line number="64" hits="0"/><line number="65" hits="0"/></lines></class><class name="mock_cw20_contract" filename="src/multitest/mock_cw20_contract.rs" line-rate="0.9473684210526315" branch-rate="0" complexity="0"><methods/><lines><line number="17" hits="13"/><line number="18" hits="13"/><line number="21" hits="6"/><line number="22" hits="6"/><line number="23" hits="6"/><line number="26" hits="6"/><line number="32" hits="6"/><line number="33" hits="6"/><line number="34" hits="6"/><line number="35" hits="6"/><line number="36" hits="6"/><line number="37" hits="6"/><line number="38" hits="6"/><line number="39" hits="6"/><line number="40" hits="6"/><line number="41" hits="6"/><line number="42" hits="6"/><line number="44" hits="6"/><line number="45" hits="6"/><line number="47" hits="6"/><line number="49" hits="6"/><line number="51" hits="6"/><line number="52" hits="12"/><line number="55" hits="7"/><line number="56" hits="7"/><line number="58" hits="7"/><line number="59" hits="7"/><line number="60" hits="7"/><line number="66" hits="8"/><line number="73" hits="8"/><line number="74" hits="8"/><line number="75" hits="8"/><line number="76" hits="8"/><line number="77" hits="8"/><line number="78" hits="8"/><line number="80" hits="8"/><line number="87" hits="0"/><line number="88" hits="0"/></lines></class><class name="mock_router_contract" filename="src/multitest/mock_router_contract.rs" line-rate="0.9318181818181818" branch-rate="0" complexity="0"><methods/><lines><line number="33" hits="3"/><line number="39" hits="3"/><line number="40" hits="3"/><line number="43" hits="8"/><line number="44" hits="8"/><line number="47" hits="3"/><line number="49" hits="5"/><line number="51" hits="2"/><line number="53" hits="1"/><line number="54" hits="1"/><line number="58" hits="1"/><line number="59" hits="1"/><line number="65" hits="1"/><line number="68" hits="1"/><line number="69" hits="1"/><line number="70" hits="1"/><line number="71" hits="1"/><line number="72" hits="1"/><line number="73" hits="1"/><line number="78" hits="1"/><line number="80" hits="2"/><line number="82" hits="1"/><line number="88" hits="1"/><line number="90" hits="1"/><line number="91" hits="1"/><line number="92" hits="1"/><line number="93" hits="1"/><line number="94" hits="1"/><line number="95" hits="1"/><line number="98" hits="0"/><line number="101" hits="3"/><line number="102" hits="6"/><line number="104" hits="3"/><line number="107" hits="3"/><line number="108" hits="3"/><line number="109" hits="3"/><line number="111" hits="3"/><line number="112" hits="3"/><line number="113" hits="3"/><line number="114" hits="3"/><line number="116" hits="3"/><line number="120" hits="3"/><line number="125" hits="0"/><line number="126" hits="0"/></lines></class><class name="tests" filename="src/multitest/tests.rs" line-rate="1" branch-rate="0" complexity="0"><methods/><lines><line number="39" hits="3"/><line number="47" hits="3"/><line number="49" hits="3"/><line number="50" hits="3"/><line number="51" hits="3"/><line number="52" hits="6"/><line number="54" hits="3"/><line number="55" hits="3"/><line number="56" hits="3"/><line number="57" hits="3"/><line number="58" hits="3"/><line number="59" hits="3"/><line number="61" hits="3"/><line number="62" hits="3"/><line number="63" hits="3"/><line number="64" hits="3"/><line number="65" hits="3"/><line number="66" hits="3"/><line number="67" hits="3"/><line number="69" hits="3"/><line number="72" hits="3"/><line number="73" hits="3"/><line number="74" hits="3"/><line number="75" hits="3"/><line number="78" hits="3"/><line number="80" hits="3"/><line number="83" hits="3"/><line number="84" hits="3"/><line number="85" hits="3"/><line number="86" hits="3"/><line number="90" hits="3"/><line number="93" hits="3"/><line number="94" hits="3"/><line number="95" hits="3"/><line number="96" hits="3"/><line number="97" hits="3"/><line number="98" hits="3"/><line number="99" hits="3"/><line number="100" hits="3"/><line number="101" hits="3"/><line number="102" hits="3"/><line number="103" hits="3"/><line number="105" hits="3"/><line number="106" hits="3"/><line number="107" hits="3"/><line number="108" hits="3"/><line number="115" hits="3"/><line number="116" hits="3"/><line number="117" hits="3"/><line number="118" hits="3"/><line number="119" hits="3"/><line number="122" hits="3"/><line number="123" hits="3"/><line number="124" hits="3"/><line number="125" hits="3"/><line number="126" hits="3"/><line number="130" hits="3"/><line number="131" hits="3"/><line number="132" hits="3"/><line number="133" hits="3"/><line number="137" hits="3"/></lines></class></classes></package></packages></coverage>