<?xml version="1.0"?><coverage lines-covered="352" lines-valid="383" line-rate="0.9190600522193212" branches-covered="0" branches-valid="0" branch-rate="0" complexity="0" version="1.9" timestamp="1724821093"><sources><source>/__w/treasury-contract/treasury-contract</source></sources><packages><package name="src" line-rate="0.9190600522193212" branch-rate="0" complexity="0"><classes><class name="contract" filename="src/contract.rs" line-rate="0.8783068783068783" branch-rate="0" complexity="0"><methods/><lines><line number="30" hits="8"/><line number="36" hits="8"/><line number="39" hits="8"/><line number="40" hits="8"/><line number="41" hits="8"/><line number="47" hits="0"/><line number="49" hits="16"/><line number="50" hits="8"/><line number="52" hits="24"/><line number="53" hits="16"/><line number="54" hits="16"/><line number="55" hits="16"/><line number="56" hits="16"/><line number="61" hits="0"/><line number="63" hits="16"/><line number="64" hits="8"/><line number="66" hits="21"/><line number="69" hits="21"/><line number="70" hits="13"/><line number="73" hits="8"/><line number="77" hits="9"/><line number="83" hits="9"/><line number="85" hits="2"/><line number="86" hits="2"/><line number="87" hits="2"/><line number="88" hits="2"/><line number="89" hits="2"/><line number="91" hits="3"/><line number="92" hits="3"/><line number="95" hits="1"/><line number="96" hits="1"/><line number="98" hits="1"/><line number="99" hits="1"/><line number="100" hits="1"/><line number="101" hits="1"/><line number="102" hits="1"/><line number="104" hits="0"/><line number="106" hits="0"/><line number="109" hits="0"/><line number="110" hits="0"/><line number="113" hits="0"/><line number="114" hits="0"/><line number="115" hits="0"/><line number="120" hits="2"/><line number="127" hits="4"/><line number="129" hits="1"/><line number="133" hits="1"/><line number="134" hits="1"/><line number="135" hits="1"/><line number="138" hits="1"/><line number="140" hits="1"/><line number="141" hits="1"/><line number="142" hits="1"/><line number="143" hits="1"/><line number="146" hits="2"/><line number="152" hits="4"/><line number="155" hits="1"/><line number="158" hits="1"/><line number="160" hits="2"/><line number="161" hits="2"/><line number="162" hits="2"/><line number="163" hits="2"/><line number="164" hits="2"/><line number="169" hits="0"/><line number="171" hits="1"/><line number="174" hits="3"/><line number="180" hits="6"/><line number="183" hits="1"/><line number="186" hits="2"/><line number="196" hits="2"/><line number="198" hits="2"/><line number="199" hits="1"/><line number="200" hits="1"/><line number="201" hits="1"/><line number="202" hits="1"/><line number="205" hits="3"/><line number="211" hits="3"/><line number="212" hits="3"/><line number="213" hits="3"/><line number="215" hits="1"/><line number="218" hits="4"/><line number="223" hits="1"/><line number="225" hits="1"/><line number="227" hits="1"/><line number="229" hits="1"/><line number="230" hits="1"/><line number="232" hits="1"/><line number="234" hits="4"/><line number="235" hits="3"/><line number="237" hits="6"/><line number="239" hits="3"/><line number="241" hits="0"/><line number="244" hits="0"/><line number="247" hits="3"/><line number="251" hits="3"/><line number="253" hits="0"/><line number="256" hits="0"/><line number="261" hits="0"/><line number="264" hits="3"/><line number="265" hits="3"/><line number="266" hits="3"/><line number="268" hits="3"/><line number="269" hits="0"/><line number="272" hits="3"/><line number="273" hits="2"/><line number="275" hits="2"/><line number="276" hits="1"/><line number="277" hits="1"/><line number="278" hits="1"/><line number="279" hits="1"/><line number="280" hits="1"/><line number="281" hits="1"/><line number="283" hits="1"/><line number="287" hits="1"/><line number="288" hits="1"/><line number="289" hits="1"/><line number="290" hits="1"/><line number="291" hits="1"/><line number="292" hits="1"/><line number="293" hits="1"/><line number="294" hits="1"/><line number="295" hits="1"/><line number="296" hits="1"/><line number="297" hits="1"/><line number="300" hits="1"/><line number="304" hits="1"/><line number="305" hits="1"/><line number="306" hits="2"/><line number="308" hits="1"/><line number="309" hits="1"/><line number="310" hits="1"/><line number="313" hits="1"/><line number="314" hits="0"/><line number="317" hits="1"/><line number="318" hits="1"/><line number="319" hits="1"/><line number="320" hits="1"/><line number="321" hits="1"/><line number="322" hits="1"/><line number="325" hits="1"/><line number="326" hits="1"/><line number="327" hits="0"/><line number="330" hits="1"/><line number="331" hits="1"/><line number="332" hits="1"/><line number="333" hits="1"/><line number="335" hits="1"/><line number="338" hits="1"/><line number="339" hits="1"/><line number="340" hits="1"/><line number="343" hits="1"/><line number="351" hits="1"/><line number="352" hits="1"/><line number="353" hits="1"/><line number="357" hits="1"/><line number="361" hits="6"/><line number="362" hits="3"/><line number="363" hits="0"/><line number="372" hits="1"/><line number="373" hits="1"/><line number="376" hits="1"/><line number="379" hits="2"/><line number="384" hits="2"/><line number="385" hits="2"/><line number="387" hits="6"/><line number="388" hits="4"/><line number="390" hits="8"/><line number="392" hits="2"/><line number="393" hits="2"/><line number="394" hits="2"/><line number="395" hits="2"/><line number="397" hits="2"/><line number="399" hits="2"/><line number="400" hits="2"/><line number="401" hits="2"/><line number="402" hits="2"/><line number="403" hits="2"/><line number="404" hits="2"/><line number="406" hits="2"/><line number="415" hits="13"/><line number="416" hits="13"/><line number="417" hits="6"/><line number="419" hits="6"/><line number="421" hits="1"/><line number="422" hits="1"/><line number="428" hits="0"/><line number="429" hits="0"/><line number="431" hits="0"/><line number="432" hits="0"/></lines></class><class name="helpers" filename="src/helpers.rs" line-rate="0.6666666666666666" branch-rate="0" complexity="0"><methods/><lines><line number="4" hits="7"/><line number="15" hits="6"/><line number="20" hits="0"/></lines></class></classes></package><package name="src/multitest" line-rate="0.9633507853403142" branch-rate="0" complexity="0"><classes><class name="contract" filename="src/multitest/contract.rs" line-rate="1" branch-rate="0" complexity="0"><methods/><lines><line number="15" hits="9"/><line number="16" hits="9"/><line number="19" hits="3"/><line number="20" hits="3"/><line number="21" hits="3"/><line number="25" hits="3"/><line number="34" hits="3"/><line number="35" hits="3"/><line number="36" hits="3"/><line number="37" hits="3"/><line number="38" hits="3"/><line number="39" hits="3"/><line number="40" hits="3"/><line number="41" hits="3"/><line number="42" hits="3"/><line number="43" hits="3"/><line number="45" hits="3"/><line number="47" hits="3"/><line number="49" hits="3"/><line number="50" hits="6"/><line number="54" hits="2"/><line number="60" hits="2"/><line number="61" hits="2"/><line number="62" hits="2"/><line number="63" hits="2"/><line number="64" hits="2"/><line number="66" hits="5"/><line number="71" hits="2"/><line number="72" hits="2"/></lines></class><class name="contract_ping_pong_mock" filename="src/multitest/contract_ping_pong_mock.rs" line-rate="0.9047619047619048" branch-rate="0" complexity="0"><methods/><lines><line number="27" hits="4"/><line number="28" hits="4"/><line number="31" hits="3"/><line number="33" hits="4"/><line number="34" hits="1"/><line number="35" hits="1"/><line number="36" hits="1"/><line number="40" hits="9"/><line number="41" hits="6"/><line number="43" hits="3"/><line number="46" hits="3"/><line number="47" hits="3"/><line number="48" hits="3"/><line number="50" hits="3"/><line number="51" hits="3"/><line number="52" hits="3"/><line number="53" hits="3"/><line number="55" hits="3"/><line number="59" hits="3"/><line number="64" hits="0"/><line number="65" hits="0"/></lines></class><class name="mock_cw20_contract" filename="src/multitest/mock_cw20_contract.rs" line-rate="0.9473684210526315" branch-rate="0" complexity="0"><methods/><lines><line number="17" hits="13"/><line number="18" hits="13"/><line number="21" hits="6"/><line number="22" hits="6"/><line number="23" hits="6"/><line number="26" hits="6"/><line number="32" hits="6"/><line number="33" hits="6"/><line number="34" hits="6"/><line number="35" hits="6"/><line number="36" hits="6"/><line number="37" hits="6"/><line number="38" hits="6"/><line number="39" hits="6"/><line number="40" hits="6"/><line number="41" hits="6"/><line number="42" hits="6"/><line number="44" hits="6"/><line number="45" hits="6"/><line number="47" hits="6"/><line number="49" hits="6"/><line number="51" hits="6"/><line number="52" hits="12"/><line number="55" hits="7"/><line number="56" hits="7"/><line number="58" hits="7"/><line number="59" hits="7"/><line number="60" hits="7"/><line number="66" hits="8"/><line number="73" hits="8"/><line number="74" hits="8"/><line number="75" hits="8"/><line number="76" hits="8"/><line number="77" hits="8"/><line number="78" hits="8"/><line number="80" hits="8"/><line number="87" hits="0"/><line number="88" hits="0"/></lines></class><class name="mock_router_contract" filename="src/multitest/mock_router_contract.rs" line-rate="0.9285714285714286" branch-rate="0" complexity="0"><methods/><lines><line number="33" hits="3"/><line number="39" hits="3"/><line number="40" hits="3"/><line number="43" hits="8"/><line number="44" hits="8"/><line number="47" hits="3"/><line number="49" hits="5"/><line number="51" hits="2"/><line number="53" hits="1"/><line number="54" hits="1"/><line number="58" hits="1"/><line number="59" hits="1"/><line number="65" hits="1"/><line number="68" hits="1"/><line number="69" hits="1"/><line number="70" hits="1"/><line number="71" hits="1"/><line number="72" hits="1"/><line number="77" hits="1"/><line number="80" hits="2"/><line number="82" hits="1"/><line number="88" hits="1"/><line number="91" hits="1"/><line number="92" hits="1"/><line number="93" hits="1"/><line number="94" hits="1"/><line number="95" hits="1"/><line number="98" hits="0"/><line number="101" hits="3"/><line number="102" hits="6"/><line number="104" hits="3"/><line number="107" hits="3"/><line number="108" hits="3"/><line number="109" hits="3"/><line number="111" hits="3"/><line number="112" hits="3"/><line number="113" hits="3"/><line number="114" hits="3"/><line number="116" hits="3"/><line number="120" hits="3"/><line number="125" hits="0"/><line number="126" hits="0"/></lines></class><class name="tests" filename="src/multitest/tests.rs" line-rate="1" branch-rate="0" complexity="0"><methods/><lines><line number="42" hits="3"/><line number="50" hits="3"/><line number="52" hits="3"/><line number="53" hits="3"/><line number="54" hits="3"/><line number="55" hits="6"/><line number="57" hits="3"/><line number="58" hits="3"/><line number="59" hits="3"/><line number="60" hits="3"/><line number="61" hits="3"/><line number="62" hits="3"/><line number="64" hits="3"/><line number="65" hits="3"/><line number="66" hits="3"/><line number="67" hits="3"/><line number="68" hits="3"/><line number="69" hits="3"/><line number="70" hits="3"/><line number="72" hits="3"/><line number="75" hits="3"/><line number="76" hits="3"/><line number="77" hits="3"/><line number="78" hits="3"/><line number="81" hits="3"/><line number="83" hits="3"/><line number="86" hits="3"/><line number="87" hits="3"/><line number="88" hits="3"/><line number="89" hits="3"/><line number="93" hits="3"/><line number="96" hits="3"/><line number="97" hits="3"/><line number="98" hits="3"/><line number="99" hits="3"/><line number="100" hits="3"/><line number="101" hits="3"/><line number="102" hits="3"/><line number="103" hits="3"/><line number="104" hits="3"/><line number="105" hits="3"/><line number="106" hits="3"/><line number="108" hits="3"/><line number="109" hits="3"/><line number="110" hits="3"/><line number="111" hits="3"/><line number="118" hits="3"/><line number="119" hits="3"/><line number="120" hits="3"/><line number="121" hits="3"/><line number="122" hits="3"/><line number="125" hits="3"/><line number="126" hits="3"/><line number="127" hits="3"/><line number="128" hits="3"/><line number="129" hits="3"/><line number="133" hits="3"/><line number="134" hits="3"/><line number="135" hits="3"/><line number="136" hits="3"/><line number="140" hits="3"/></lines></class></classes></package></packages></coverage>