<?xml version="1.0"?><coverage lines-covered="351" lines-valid="378" line-rate="0.9285714285714286" branches-covered="0" branches-valid="0" branch-rate="0" complexity="0" version="1.9" timestamp="1710754308"><sources><source>/__w/treasury-contract/treasury-contract</source></sources><packages><package name="src" line-rate="0.9285714285714286" branch-rate="0" complexity="0"><classes><class name="contract" filename="src/contract.rs" line-rate="0.8956043956043956" branch-rate="0" complexity="0"><methods/><lines><line number="30" hits="8"/><line number="36" hits="8"/><line number="39" hits="8"/><line number="40" hits="8"/><line number="41" hits="8"/><line number="47" hits="0"/><line number="49" hits="16"/><line number="50" hits="8"/><line number="52" hits="24"/><line number="53" hits="16"/><line number="54" hits="16"/><line number="55" hits="16"/><line number="56" hits="16"/><line number="61" hits="0"/><line number="63" hits="16"/><line number="64" hits="8"/><line number="66" hits="21"/><line number="69" hits="21"/><line number="70" hits="13"/><line number="73" hits="8"/><line number="77" hits="8"/><line number="83" hits="8"/><line number="85" hits="2"/><line number="86" hits="2"/><line number="87" hits="2"/><line number="88" hits="2"/><line number="89" hits="2"/><line number="91" hits="3"/><line number="92" hits="3"/><line number="95" hits="1"/><line number="96" hits="1"/><line number="98" hits="0"/><line number="99" hits="0"/><line number="101" hits="0"/><line number="103" hits="0"/><line number="106" hits="0"/><line number="107" hits="0"/><line number="110" hits="0"/><line number="111" hits="0"/><line number="112" hits="0"/><line number="117" hits="2"/><line number="124" hits="4"/><line number="126" hits="1"/><line number="130" hits="1"/><line number="131" hits="1"/><line number="132" hits="1"/><line number="135" hits="1"/><line number="137" hits="1"/><line number="138" hits="1"/><line number="139" hits="1"/><line number="140" hits="1"/><line number="143" hits="2"/><line number="149" hits="4"/><line number="152" hits="1"/><line number="155" hits="1"/><line number="157" hits="2"/><line number="158" hits="2"/><line number="159" hits="2"/><line number="160" hits="2"/><line number="161" hits="2"/><line number="166" hits="0"/><line number="168" hits="1"/><line number="171" hits="3"/><line number="177" hits="6"/><line number="180" hits="1"/><line number="183" hits="2"/><line number="193" hits="2"/><line number="195" hits="2"/><line number="196" hits="1"/><line number="197" hits="1"/><line number="198" hits="1"/><line number="199" hits="1"/><line number="202" hits="3"/><line number="208" hits="3"/><line number="209" hits="3"/><line number="210" hits="3"/><line number="212" hits="1"/><line number="215" hits="4"/><line number="220" hits="1"/><line number="222" hits="1"/><line number="224" hits="1"/><line number="226" hits="1"/><line number="228" hits="4"/><line number="229" hits="3"/><line number="231" hits="3"/><line number="232" hits="3"/><line number="233" hits="3"/><line number="234" hits="3"/><line number="237" hits="3"/><line number="238" hits="3"/><line number="240" hits="3"/><line number="241" hits="3"/><line number="245" hits="3"/><line number="246" hits="0"/><line number="249" hits="3"/><line number="250" hits="3"/><line number="251" hits="3"/><line number="253" hits="3"/><line number="254" hits="0"/><line number="257" hits="3"/><line number="258" hits="2"/><line number="260" hits="2"/><line number="261" hits="1"/><line number="262" hits="1"/><line number="263" hits="1"/><line number="264" hits="1"/><line number="265" hits="1"/><line number="266" hits="1"/><line number="268" hits="1"/><line number="272" hits="1"/><line number="273" hits="1"/><line number="274" hits="1"/><line number="275" hits="1"/><line number="276" hits="1"/><line number="277" hits="1"/><line number="278" hits="1"/><line number="279" hits="1"/><line number="280" hits="1"/><line number="281" hits="1"/><line number="284" hits="1"/><line number="288" hits="1"/><line number="289" hits="1"/><line number="290" hits="2"/><line number="292" hits="1"/><line number="293" hits="1"/><line number="294" hits="1"/><line number="297" hits="1"/><line number="298" hits="0"/><line number="301" hits="1"/><line number="302" hits="1"/><line number="303" hits="1"/><line number="304" hits="1"/><line number="305" hits="1"/><line number="306" hits="1"/><line number="309" hits="1"/><line number="310" hits="1"/><line number="311" hits="0"/><line number="314" hits="1"/><line number="315" hits="1"/><line number="316" hits="1"/><line number="317" hits="1"/><line number="319" hits="1"/><line number="322" hits="1"/><line number="323" hits="1"/><line number="324" hits="1"/><line number="327" hits="1"/><line number="334" hits="1"/><line number="335" hits="1"/><line number="336" hits="1"/><line number="340" hits="1"/><line number="344" hits="6"/><line number="345" hits="3"/><line number="346" hits="0"/><line number="355" hits="1"/><line number="356" hits="1"/><line number="359" hits="1"/><line number="362" hits="2"/><line number="367" hits="2"/><line number="368" hits="2"/><line number="370" hits="6"/><line number="371" hits="4"/><line number="373" hits="8"/><line number="375" hits="2"/><line number="376" hits="2"/><line number="377" hits="2"/><line number="378" hits="2"/><line number="380" hits="2"/><line number="382" hits="2"/><line number="383" hits="2"/><line number="384" hits="2"/><line number="385" hits="2"/><line number="386" hits="2"/><line number="387" hits="2"/><line number="389" hits="2"/><line number="398" hits="13"/><line number="399" hits="13"/><line number="400" hits="6"/><line number="402" hits="6"/><line number="404" hits="1"/><line number="405" hits="1"/><line number="411" hits="0"/><line number="412" hits="0"/></lines></class><class name="helpers" filename="src/helpers.rs" line-rate="0.6666666666666666" branch-rate="0" complexity="0"><methods/><lines><line number="4" hits="3"/><line number="5" hits="3"/><line number="10" hits="0"/></lines></class></classes></package><package name="src/multitest" line-rate="0.9637305699481865" branch-rate="0" complexity="0"><classes><class name="contract" filename="src/multitest/contract.rs" line-rate="1" branch-rate="0" complexity="0"><methods/><lines><line number="15" hits="9"/><line number="16" hits="9"/><line number="19" hits="3"/><line number="20" hits="3"/><line number="21" hits="3"/><line number="25" hits="3"/><line number="34" hits="3"/><line number="35" hits="3"/><line number="36" hits="3"/><line number="37" hits="3"/><line number="38" hits="3"/><line number="39" hits="3"/><line number="40" hits="3"/><line number="41" hits="3"/><line number="42" hits="3"/><line number="43" hits="3"/><line number="45" hits="3"/><line number="47" hits="3"/><line number="49" hits="3"/><line number="50" hits="6"/><line number="54" hits="2"/><line number="60" hits="2"/><line number="61" hits="2"/><line number="62" hits="2"/><line number="63" hits="2"/><line number="64" hits="2"/><line number="66" hits="5"/><line number="71" hits="2"/><line number="72" hits="2"/></lines></class><class name="contract_ping_pong_mock" filename="src/multitest/contract_ping_pong_mock.rs" line-rate="0.9047619047619048" branch-rate="0" complexity="0"><methods/><lines><line number="27" hits="4"/><line number="28" hits="4"/><line number="31" hits="3"/><line number="33" hits="4"/><line number="34" hits="1"/><line number="35" hits="1"/><line number="36" hits="1"/><line number="40" hits="9"/><line number="41" hits="6"/><line number="43" hits="3"/><line number="46" hits="3"/><line number="47" hits="3"/><line number="48" hits="3"/><line number="50" hits="3"/><line number="51" hits="3"/><line number="52" hits="3"/><line number="53" hits="3"/><line number="55" hits="3"/><line number="59" hits="3"/><line number="64" hits="0"/><line number="65" hits="0"/></lines></class><class name="mock_cw20_contract" filename="src/multitest/mock_cw20_contract.rs" line-rate="0.9473684210526315" branch-rate="0" complexity="0"><methods/><lines><line number="17" hits="13"/><line number="18" hits="13"/><line number="21" hits="6"/><line number="22" hits="6"/><line number="23" hits="6"/><line number="26" hits="6"/><line number="32" hits="6"/><line number="33" hits="6"/><line number="34" hits="6"/><line number="35" hits="6"/><line number="36" hits="6"/><line number="37" hits="6"/><line number="38" hits="6"/><line number="39" hits="6"/><line number="40" hits="6"/><line number="41" hits="6"/><line number="42" hits="6"/><line number="44" hits="6"/><line number="45" hits="6"/><line number="47" hits="6"/><line number="49" hits="6"/><line number="51" hits="6"/><line number="52" hits="12"/><line number="55" hits="7"/><line number="56" hits="7"/><line number="58" hits="7"/><line number="59" hits="7"/><line number="60" hits="7"/><line number="66" hits="8"/><line number="73" hits="8"/><line number="74" hits="8"/><line number="75" hits="8"/><line number="76" hits="8"/><line number="77" hits="8"/><line number="78" hits="8"/><line number="80" hits="8"/><line number="87" hits="0"/><line number="88" hits="0"/></lines></class><class name="mock_router_contract" filename="src/multitest/mock_router_contract.rs" line-rate="0.9318181818181818" branch-rate="0" complexity="0"><methods/><lines><line number="33" hits="3"/><line number="39" hits="3"/><line number="40" hits="3"/><line number="43" hits="8"/><line number="44" hits="8"/><line number="47" hits="3"/><line number="49" hits="5"/><line number="51" hits="2"/><line number="53" hits="1"/><line number="54" hits="1"/><line number="58" hits="1"/><line number="59" hits="1"/><line number="65" hits="1"/><line number="68" hits="1"/><line number="69" hits="1"/><line number="70" hits="1"/><line number="71" hits="1"/><line number="72" hits="1"/><line number="73" hits="1"/><line number="78" hits="1"/><line number="80" hits="2"/><line number="82" hits="1"/><line number="88" hits="1"/><line number="90" hits="1"/><line number="91" hits="1"/><line number="92" hits="1"/><line number="93" hits="1"/><line number="94" hits="1"/><line number="95" hits="1"/><line number="98" hits="0"/><line number="101" hits="3"/><line number="102" hits="6"/><line number="104" hits="3"/><line number="107" hits="3"/><line number="108" hits="3"/><line number="109" hits="3"/><line number="111" hits="3"/><line number="112" hits="3"/><line number="113" hits="3"/><line number="114" hits="3"/><line number="116" hits="3"/><line number="120" hits="3"/><line number="125" hits="0"/><line number="126" hits="0"/></lines></class><class name="tests" filename="src/multitest/tests.rs" line-rate="1" branch-rate="0" complexity="0"><methods/><lines><line number="40" hits="3"/><line number="48" hits="3"/><line number="50" hits="3"/><line number="51" hits="3"/><line number="52" hits="3"/><line number="53" hits="6"/><line number="55" hits="3"/><line number="56" hits="3"/><line number="57" hits="3"/><line number="58" hits="3"/><line number="59" hits="3"/><line number="60" hits="3"/><line number="62" hits="3"/><line number="63" hits="3"/><line number="64" hits="3"/><line number="65" hits="3"/><line number="66" hits="3"/><line number="67" hits="3"/><line number="68" hits="3"/><line number="70" hits="3"/><line number="73" hits="3"/><line number="74" hits="3"/><line number="75" hits="3"/><line number="76" hits="3"/><line number="79" hits="3"/><line number="81" hits="3"/><line number="84" hits="3"/><line number="85" hits="3"/><line number="86" hits="3"/><line number="87" hits="3"/><line number="91" hits="3"/><line number="94" hits="3"/><line number="95" hits="3"/><line number="96" hits="3"/><line number="97" hits="3"/><line number="98" hits="3"/><line number="99" hits="3"/><line number="100" hits="3"/><line number="101" hits="3"/><line number="102" hits="3"/><line number="103" hits="3"/><line number="104" hits="3"/><line number="106" hits="3"/><line number="107" hits="3"/><line number="108" hits="3"/><line number="109" hits="3"/><line number="116" hits="3"/><line number="117" hits="3"/><line number="118" hits="3"/><line number="119" hits="3"/><line number="120" hits="3"/><line number="123" hits="3"/><line number="124" hits="3"/><line number="125" hits="3"/><line number="126" hits="3"/><line number="127" hits="3"/><line number="131" hits="3"/><line number="132" hits="3"/><line number="133" hits="3"/><line number="134" hits="3"/><line number="138" hits="3"/></lines></class></classes></package></packages></coverage>