<?xml version="1.0"?><coverage lines-covered="370" lines-valid="392" line-rate="0.9438775510204082" branches-covered="0" branches-valid="0" branch-rate="0" complexity="0" version="1.9" timestamp="1710501648"><sources><source>/__w/treasury-contract/treasury-contract</source></sources><packages><package name="src" line-rate="0.9438775510204082" branch-rate="0" complexity="0"><classes><class name="contract" filename="src/contract.rs" line-rate="0.9337016574585635" branch-rate="0" complexity="0"><methods/><lines><line number="31" hits="9"/><line number="37" hits="9"/><line number="40" hits="18"/><line number="41" hits="9"/><line number="42" hits="18"/><line number="44" hits="27"/><line number="48" hits="0"/><line number="51" hits="0"/><line number="52" hits="9"/><line number="54" hits="9"/><line number="60" hits="0"/><line number="62" hits="18"/><line number="63" hits="9"/><line number="65" hits="27"/><line number="66" hits="18"/><line number="67" hits="18"/><line number="68" hits="18"/><line number="69" hits="18"/><line number="74" hits="0"/><line number="75" hits="9"/><line number="79" hits="8"/><line number="85" hits="8"/><line number="87" hits="2"/><line number="88" hits="2"/><line number="89" hits="2"/><line number="90" hits="2"/><line number="91" hits="2"/><line number="92" hits="2"/><line number="94" hits="3"/><line number="95" hits="3"/><line number="98" hits="1"/><line number="99" hits="1"/><line number="100" hits="1"/><line number="104" hits="2"/><line number="112" hits="4"/><line number="114" hits="1"/><line number="118" hits="1"/><line number="119" hits="1"/><line number="121" hits="1"/><line number="124" hits="1"/><line number="126" hits="1"/><line number="127" hits="1"/><line number="128" hits="1"/><line number="129" hits="1"/><line number="132" hits="2"/><line number="138" hits="4"/><line number="141" hits="1"/><line number="144" hits="1"/><line number="146" hits="2"/><line number="147" hits="2"/><line number="148" hits="2"/><line number="149" hits="2"/><line number="150" hits="2"/><line number="155" hits="0"/><line number="157" hits="1"/><line number="160" hits="3"/><line number="166" hits="6"/><line number="169" hits="1"/><line number="172" hits="2"/><line number="182" hits="2"/><line number="184" hits="2"/><line number="185" hits="1"/><line number="186" hits="1"/><line number="187" hits="1"/><line number="188" hits="1"/><line number="191" hits="3"/><line number="198" hits="6"/><line number="200" hits="2"/><line number="201" hits="2"/><line number="204" hits="1"/><line number="206" hits="1"/><line number="207" hits="1"/><line number="209" hits="1"/><line number="210" hits="4"/><line number="212" hits="1"/><line number="214" hits="4"/><line number="215" hits="3"/><line number="217" hits="3"/><line number="218" hits="3"/><line number="219" hits="3"/><line number="220" hits="3"/><line number="223" hits="3"/><line number="224" hits="3"/><line number="226" hits="3"/><line number="227" hits="3"/><line number="231" hits="3"/><line number="232" hits="0"/><line number="235" hits="3"/><line number="236" hits="3"/><line number="237" hits="3"/><line number="239" hits="3"/><line number="248" hits="0"/><line number="251" hits="3"/><line number="252" hits="2"/><line number="254" hits="2"/><line number="255" hits="1"/><line number="256" hits="1"/><line number="257" hits="1"/><line number="258" hits="1"/><line number="259" hits="1"/><line number="260" hits="1"/><line number="262" hits="1"/><line number="266" hits="1"/><line number="267" hits="1"/><line number="268" hits="1"/><line number="269" hits="1"/><line number="270" hits="1"/><line number="271" hits="1"/><line number="272" hits="1"/><line number="273" hits="1"/><line number="274" hits="1"/><line number="275" hits="1"/><line number="278" hits="1"/><line number="282" hits="1"/><line number="283" hits="1"/><line number="284" hits="1"/><line number="286" hits="1"/><line number="287" hits="1"/><line number="288" hits="1"/><line number="289" hits="1"/><line number="290" hits="1"/><line number="291" hits="1"/><line number="292" hits="1"/><line number="293" hits="1"/><line number="294" hits="1"/><line number="298" hits="1"/><line number="299" hits="0"/><line number="302" hits="1"/><line number="303" hits="1"/><line number="304" hits="1"/><line number="305" hits="1"/><line number="306" hits="1"/><line number="307" hits="1"/><line number="310" hits="1"/><line number="311" hits="1"/><line number="312" hits="0"/><line number="315" hits="1"/><line number="316" hits="1"/><line number="317" hits="1"/><line number="318" hits="1"/><line number="320" hits="1"/><line number="323" hits="1"/><line number="324" hits="1"/><line number="325" hits="1"/><line number="328" hits="1"/><line number="335" hits="1"/><line number="336" hits="1"/><line number="337" hits="1"/><line number="341" hits="1"/><line number="345" hits="7"/><line number="346" hits="3"/><line number="347" hits="0"/><line number="352" hits="1"/><line number="355" hits="1"/><line number="357" hits="2"/><line number="358" hits="1"/><line number="361" hits="1"/><line number="364" hits="2"/><line number="369" hits="2"/><line number="370" hits="2"/><line number="372" hits="6"/><line number="373" hits="4"/><line number="375" hits="8"/><line number="377" hits="2"/><line number="378" hits="2"/><line number="379" hits="2"/><line number="380" hits="2"/><line number="382" hits="2"/><line number="384" hits="2"/><line number="385" hits="2"/><line number="386" hits="2"/><line number="387" hits="2"/><line number="388" hits="2"/><line number="389" hits="2"/><line number="391" hits="2"/><line number="400" hits="12"/><line number="401" hits="12"/><line number="402" hits="6"/><line number="404" hits="6"/><line number="410" hits="0"/><line number="411" hits="0"/></lines></class><class name="helpers" filename="src/helpers.rs" line-rate="0.8333333333333334" branch-rate="0" complexity="0"><methods/><lines><line number="7" hits="3"/><line number="8" hits="3"/><line number="13" hits="0"/><line number="18" hits="5"/><line number="25" hits="10"/><line number="26" hits="5"/><line number="27" hits="5"/><line number="28" hits="5"/><line number="29" hits="5"/><line number="30" hits="5"/><line number="36" hits="0"/><line number="37" hits="5"/></lines></class></classes></package><package name="src/multitest" line-rate="0.9597989949748744" branch-rate="0" complexity="0"><classes><class name="contract" filename="src/multitest/contract.rs" line-rate="1" branch-rate="0" complexity="0"><methods/><lines><line number="15" hits="10"/><line number="16" hits="10"/><line number="19" hits="4"/><line number="20" hits="4"/><line number="21" hits="4"/><line number="25" hits="4"/><line number="34" hits="4"/><line number="35" hits="4"/><line number="36" hits="4"/><line number="37" hits="4"/><line number="38" hits="4"/><line number="39" hits="4"/><line number="40" hits="4"/><line number="41" hits="4"/><line number="42" hits="4"/><line number="43" hits="4"/><line number="45" hits="4"/><line number="47" hits="4"/><line number="49" hits="4"/><line number="50" hits="8"/><line number="54" hits="2"/><line number="60" hits="2"/><line number="61" hits="2"/><line number="62" hits="2"/><line number="63" hits="2"/><line number="64" hits="2"/><line number="66" hits="5"/><line number="71" hits="2"/><line number="72" hits="2"/></lines></class><class name="contract_ping_pong_mock" filename="src/multitest/contract_ping_pong_mock.rs" line-rate="0.9047619047619048" branch-rate="0" complexity="0"><methods/><lines><line number="27" hits="5"/><line number="28" hits="5"/><line number="31" hits="4"/><line number="33" hits="5"/><line number="34" hits="1"/><line number="35" hits="1"/><line number="36" hits="1"/><line number="40" hits="12"/><line number="41" hits="8"/><line number="43" hits="4"/><line number="46" hits="4"/><line number="47" hits="4"/><line number="48" hits="4"/><line number="50" hits="4"/><line number="51" hits="4"/><line number="52" hits="4"/><line number="53" hits="4"/><line number="55" hits="4"/><line number="59" hits="4"/><line number="64" hits="0"/><line number="65" hits="0"/></lines></class><class name="mock_cw20_contract" filename="src/multitest/mock_cw20_contract.rs" line-rate="0.9473684210526315" branch-rate="0" complexity="0"><methods/><lines><line number="17" hits="16"/><line number="18" hits="16"/><line number="21" hits="8"/><line number="22" hits="8"/><line number="23" hits="8"/><line number="26" hits="8"/><line number="32" hits="8"/><line number="33" hits="8"/><line number="34" hits="8"/><line number="35" hits="8"/><line number="36" hits="8"/><line number="37" hits="8"/><line number="38" hits="8"/><line number="39" hits="8"/><line number="40" hits="8"/><line number="41" hits="8"/><line number="42" hits="8"/><line number="44" hits="8"/><line number="45" hits="8"/><line number="47" hits="8"/><line number="49" hits="8"/><line number="51" hits="8"/><line number="52" hits="16"/><line number="55" hits="7"/><line number="56" hits="7"/><line number="58" hits="7"/><line number="59" hits="7"/><line number="60" hits="7"/><line number="66" hits="10"/><line number="73" hits="10"/><line number="74" hits="10"/><line number="75" hits="10"/><line number="76" hits="10"/><line number="77" hits="10"/><line number="78" hits="10"/><line number="80" hits="10"/><line number="87" hits="0"/><line number="88" hits="0"/></lines></class><class name="mock_router_contract" filename="src/multitest/mock_router_contract.rs" line-rate="0.92" branch-rate="0" complexity="0"><methods/><lines><line number="32" hits="4"/><line number="38" hits="4"/><line number="39" hits="4"/><line number="42" hits="11"/><line number="43" hits="11"/><line number="46" hits="4"/><line number="48" hits="6"/><line number="50" hits="2"/><line number="52" hits="1"/><line number="53" hits="1"/><line number="57" hits="1"/><line number="58" hits="1"/><line number="64" hits="1"/><line number="67" hits="1"/><line number="68" hits="1"/><line number="69" hits="1"/><line number="70" hits="1"/><line number="71" hits="1"/><line number="72" hits="1"/><line number="77" hits="1"/><line number="79" hits="2"/><line number="81" hits="1"/><line number="87" hits="1"/><line number="89" hits="1"/><line number="90" hits="1"/><line number="91" hits="1"/><line number="92" hits="1"/><line number="93" hits="1"/><line number="94" hits="1"/><line number="97" hits="0"/><line number="100" hits="4"/><line number="101" hits="9"/><line number="102" hits="5"/><line number="104" hits="5"/><line number="105" hits="5"/><line number="106" hits="5"/><line number="107" hits="5"/><line number="109" hits="0"/><line number="113" hits="4"/><line number="116" hits="4"/><line number="117" hits="4"/><line number="118" hits="4"/><line number="120" hits="4"/><line number="121" hits="4"/><line number="122" hits="4"/><line number="123" hits="4"/><line number="125" hits="4"/><line number="129" hits="4"/><line number="134" hits="0"/><line number="135" hits="0"/></lines></class><class name="tests" filename="src/multitest/tests.rs" line-rate="1" branch-rate="0" complexity="0"><methods/><lines><line number="40" hits="4"/><line number="48" hits="4"/><line number="50" hits="4"/><line number="51" hits="4"/><line number="52" hits="4"/><line number="53" hits="8"/><line number="55" hits="4"/><line number="56" hits="4"/><line number="57" hits="4"/><line number="58" hits="4"/><line number="59" hits="4"/><line number="60" hits="4"/><line number="62" hits="4"/><line number="63" hits="4"/><line number="64" hits="4"/><line number="65" hits="4"/><line number="66" hits="4"/><line number="67" hits="4"/><line number="68" hits="4"/><line number="70" hits="4"/><line number="73" hits="4"/><line number="74" hits="4"/><line number="75" hits="4"/><line number="76" hits="4"/><line number="79" hits="4"/><line number="81" hits="4"/><line number="84" hits="4"/><line number="85" hits="4"/><line number="86" hits="4"/><line number="87" hits="4"/><line number="91" hits="4"/><line number="94" hits="4"/><line number="95" hits="4"/><line number="96" hits="4"/><line number="97" hits="4"/><line number="98" hits="4"/><line number="99" hits="4"/><line number="100" hits="4"/><line number="101" hits="4"/><line number="102" hits="4"/><line number="103" hits="4"/><line number="104" hits="4"/><line number="106" hits="4"/><line number="107" hits="4"/><line number="108" hits="4"/><line number="109" hits="4"/><line number="116" hits="4"/><line number="117" hits="4"/><line number="118" hits="4"/><line number="119" hits="4"/><line number="120" hits="4"/><line number="123" hits="4"/><line number="124" hits="4"/><line number="125" hits="4"/><line number="126" hits="4"/><line number="127" hits="4"/><line number="131" hits="4"/><line number="132" hits="4"/><line number="133" hits="4"/><line number="134" hits="4"/><line number="138" hits="4"/></lines></class></classes></package></packages></coverage>