<?xml version="1.0"?><coverage lines-covered="314" lines-valid="373" line-rate="0.8418230563002681" branches-covered="0" branches-valid="0" branch-rate="0" complexity="0" version="1.9" timestamp="1710460107"><sources><source>/__w/treasury-contract/treasury-contract</source></sources><packages><package name="src/multitest" line-rate="0.9481865284974094" branch-rate="0" complexity="0"><classes><class name="contract" filename="src/multitest/contract.rs" line-rate="1" branch-rate="0" complexity="0"><methods/><lines><line number="15" hits="6"/><line number="16" hits="6"/><line number="19" hits="2"/><line number="20" hits="2"/><line number="21" hits="2"/><line number="25" hits="2"/><line number="34" hits="2"/><line number="35" hits="2"/><line number="36" hits="2"/><line number="37" hits="2"/><line number="38" hits="2"/><line number="39" hits="2"/><line number="40" hits="2"/><line number="41" hits="2"/><line number="42" hits="2"/><line number="43" hits="2"/><line number="45" hits="2"/><line number="47" hits="2"/><line number="49" hits="2"/><line number="50" hits="4"/><line number="54" hits="1"/><line number="60" hits="1"/><line number="61" hits="1"/><line number="62" hits="1"/><line number="63" hits="1"/><line number="64" hits="1"/><line number="66" hits="3"/><line number="71" hits="1"/><line number="72" hits="1"/></lines></class><class name="contract_ping_pong_mock" filename="src/multitest/contract_ping_pong_mock.rs" line-rate="0.7619047619047619" branch-rate="0" complexity="0"><methods/><lines><line number="27" hits="2"/><line number="28" hits="2"/><line number="31" hits="2"/><line number="33" hits="2"/><line number="34" hits="0"/><line number="35" hits="0"/><line number="36" hits="0"/><line number="40" hits="6"/><line number="41" hits="4"/><line number="43" hits="2"/><line number="46" hits="2"/><line number="47" hits="2"/><line number="48" hits="2"/><line number="50" hits="2"/><line number="51" hits="2"/><line number="52" hits="2"/><line number="53" hits="2"/><line number="55" hits="2"/><line number="59" hits="2"/><line number="64" hits="0"/><line number="65" hits="0"/></lines></class><class name="mock_cw20_contract" filename="src/multitest/mock_cw20_contract.rs" line-rate="0.9473684210526315" branch-rate="0" complexity="0"><methods/><lines><line number="17" hits="11"/><line number="18" hits="11"/><line number="21" hits="4"/><line number="22" hits="4"/><line number="23" hits="4"/><line number="26" hits="4"/><line number="32" hits="4"/><line number="33" hits="4"/><line number="34" hits="4"/><line number="35" hits="4"/><line number="36" hits="4"/><line number="37" hits="4"/><line number="38" hits="4"/><line number="39" hits="4"/><line number="40" hits="4"/><line number="41" hits="4"/><line number="42" hits="4"/><line number="44" hits="4"/><line number="45" hits="4"/><line number="47" hits="4"/><line number="49" hits="4"/><line number="51" hits="4"/><line number="52" hits="8"/><line number="55" hits="3"/><line number="56" hits="3"/><line number="58" hits="3"/><line number="59" hits="3"/><line number="60" hits="3"/><line number="66" hits="5"/><line number="73" hits="5"/><line number="74" hits="5"/><line number="75" hits="5"/><line number="76" hits="5"/><line number="77" hits="5"/><line number="78" hits="5"/><line number="80" hits="5"/><line number="87" hits="0"/><line number="88" hits="0"/></lines></class><class name="mock_router_contract" filename="src/multitest/mock_router_contract.rs" line-rate="0.9318181818181818" branch-rate="0" complexity="0"><methods/><lines><line number="33" hits="2"/><line number="39" hits="2"/><line number="40" hits="2"/><line number="43" hits="6"/><line number="44" hits="6"/><line number="47" hits="2"/><line number="49" hits="4"/><line number="51" hits="2"/><line number="53" hits="1"/><line number="54" hits="1"/><line number="58" hits="1"/><line number="59" hits="1"/><line number="65" hits="1"/><line number="68" hits="1"/><line number="69" hits="1"/><line number="70" hits="1"/><line number="71" hits="1"/><line number="72" hits="1"/><line number="73" hits="1"/><line number="78" hits="1"/><line number="80" hits="2"/><line number="82" hits="1"/><line number="88" hits="1"/><line number="90" hits="1"/><line number="91" hits="1"/><line number="92" hits="1"/><line number="93" hits="1"/><line number="94" hits="1"/><line number="95" hits="1"/><line number="98" hits="0"/><line number="101" hits="2"/><line number="102" hits="4"/><line number="104" hits="2"/><line number="107" hits="2"/><line number="108" hits="2"/><line number="109" hits="2"/><line number="111" hits="2"/><line number="112" hits="2"/><line number="113" hits="2"/><line number="114" hits="2"/><line number="116" hits="2"/><line number="120" hits="2"/><line number="125" hits="0"/><line number="126" hits="0"/></lines></class><class name="tests" filename="src/multitest/tests.rs" line-rate="1" branch-rate="0" complexity="0"><methods/><lines><line number="37" hits="2"/><line number="45" hits="2"/><line number="47" hits="2"/><line number="48" hits="2"/><line number="49" hits="2"/><line number="50" hits="4"/><line number="52" hits="2"/><line number="53" hits="2"/><line number="54" hits="2"/><line number="55" hits="2"/><line number="56" hits="2"/><line number="57" hits="2"/><line number="59" hits="2"/><line number="60" hits="2"/><line number="61" hits="2"/><line number="62" hits="2"/><line number="63" hits="2"/><line number="64" hits="2"/><line number="65" hits="2"/><line number="67" hits="2"/><line number="70" hits="2"/><line number="71" hits="2"/><line number="72" hits="2"/><line number="73" hits="2"/><line number="76" hits="2"/><line number="78" hits="2"/><line number="81" hits="2"/><line number="82" hits="2"/><line number="83" hits="2"/><line number="84" hits="2"/><line number="88" hits="2"/><line number="91" hits="2"/><line number="92" hits="2"/><line number="93" hits="2"/><line number="94" hits="2"/><line number="95" hits="2"/><line number="96" hits="2"/><line number="97" hits="2"/><line number="98" hits="2"/><line number="99" hits="2"/><line number="100" hits="2"/><line number="101" hits="2"/><line number="103" hits="2"/><line number="104" hits="2"/><line number="105" hits="2"/><line number="106" hits="2"/><line number="113" hits="2"/><line number="114" hits="2"/><line number="115" hits="2"/><line number="116" hits="2"/><line number="117" hits="2"/><line number="120" hits="2"/><line number="121" hits="2"/><line number="122" hits="2"/><line number="123" hits="2"/><line number="124" hits="2"/><line number="128" hits="2"/><line number="129" hits="2"/><line number="130" hits="2"/><line number="131" hits="2"/><line number="135" hits="2"/></lines></class></classes></package><package name="src" line-rate="0.8418230563002681" branch-rate="0" complexity="0"><classes><class name="contract" filename="src/contract.rs" line-rate="0.7288135593220338" branch-rate="0" complexity="0"><methods/><lines><line number="30" hits="4"/><line number="36" hits="4"/><line number="39" hits="8"/><line number="40" hits="4"/><line number="41" hits="8"/><line number="43" hits="12"/><line number="47" hits="0"/><line number="50" hits="0"/><line number="51" hits="4"/><line number="53" hits="4"/><line number="59" hits="0"/><line number="61" hits="8"/><line number="62" hits="4"/><line number="64" hits="12"/><line number="65" hits="8"/><line number="66" hits="8"/><line number="67" hits="8"/><line number="68" hits="8"/><line number="73" hits="0"/><line number="74" hits="4"/><line number="78" hits="2"/><line number="84" hits="2"/><line number="86" hits="0"/><line number="87" hits="0"/><line number="88" hits="0"/><line number="89" hits="0"/><line number="90" hits="0"/><line number="91" hits="0"/><line number="93" hits="1"/><line number="94" hits="1"/><line number="97" hits="1"/><line number="98" hits="1"/><line number="102" hits="0"/><line number="110" hits="0"/><line number="112" hits="0"/><line number="116" hits="0"/><line number="117" hits="0"/><line number="119" hits="0"/><line number="122" hits="0"/><line number="124" hits="0"/><line number="127" hits="0"/><line number="129" hits="0"/><line number="130" hits="0"/><line number="131" hits="0"/><line number="132" hits="0"/><line number="135" hits="0"/><line number="141" hits="0"/><line number="144" hits="0"/><line number="147" hits="0"/><line number="149" hits="0"/><line number="150" hits="0"/><line number="151" hits="0"/><line number="152" hits="0"/><line number="153" hits="0"/><line number="158" hits="0"/><line number="160" hits="0"/><line number="163" hits="1"/><line number="169" hits="2"/><line number="172" hits="0"/><line number="175" hits="1"/><line number="185" hits="2"/><line number="187" hits="0"/><line number="188" hits="0"/><line number="189" hits="0"/><line number="190" hits="0"/><line number="191" hits="0"/><line number="194" hits="1"/><line number="200" hits="2"/><line number="202" hits="1"/><line number="203" hits="0"/><line number="205" hits="1"/><line number="206" hits="1"/><line number="208" hits="1"/><line number="209" hits="4"/><line number="211" hits="1"/><line number="212" hits="1"/><line number="213" hits="4"/><line number="214" hits="3"/><line number="216" hits="3"/><line number="217" hits="3"/><line number="218" hits="3"/><line number="219" hits="3"/><line number="222" hits="3"/><line number="223" hits="3"/><line number="224" hits="3"/><line number="225" hits="3"/><line number="229" hits="3"/><line number="230" hits="0"/><line number="233" hits="3"/><line number="234" hits="3"/><line number="235" hits="3"/><line number="236" hits="3"/><line number="237" hits="0"/><line number="240" hits="3"/><line number="241" hits="2"/><line number="243" hits="2"/><line number="244" hits="1"/><line number="245" hits="1"/><line number="246" hits="1"/><line number="247" hits="1"/><line number="248" hits="1"/><line number="249" hits="1"/><line number="251" hits="1"/><line number="255" hits="1"/><line number="256" hits="1"/><line number="257" hits="1"/><line number="258" hits="1"/><line number="259" hits="1"/><line number="260" hits="1"/><line number="261" hits="1"/><line number="262" hits="1"/><line number="263" hits="1"/><line number="264" hits="1"/><line number="267" hits="1"/><line number="271" hits="1"/><line number="272" hits="1"/><line number="273" hits="2"/><line number="275" hits="1"/><line number="276" hits="1"/><line number="277" hits="1"/><line number="280" hits="1"/><line number="281" hits="0"/><line number="284" hits="1"/><line number="285" hits="1"/><line number="286" hits="1"/><line number="287" hits="1"/><line number="288" hits="1"/><line number="289" hits="1"/><line number="292" hits="1"/><line number="293" hits="1"/><line number="294" hits="0"/><line number="297" hits="1"/><line number="298" hits="1"/><line number="299" hits="1"/><line number="300" hits="1"/><line number="302" hits="1"/><line number="305" hits="1"/><line number="306" hits="1"/><line number="307" hits="1"/><line number="310" hits="1"/><line number="317" hits="1"/><line number="318" hits="1"/><line number="319" hits="1"/><line number="323" hits="1"/><line number="327" hits="7"/><line number="328" hits="3"/><line number="329" hits="0"/><line number="331" hits="1"/><line number="332" hits="1"/><line number="335" hits="1"/><line number="337" hits="2"/><line number="338" hits="1"/><line number="341" hits="1"/><line number="344" hits="1"/><line number="349" hits="1"/><line number="350" hits="1"/><line number="352" hits="3"/><line number="353" hits="2"/><line number="355" hits="4"/><line number="357" hits="1"/><line number="358" hits="1"/><line number="359" hits="1"/><line number="360" hits="1"/><line number="362" hits="1"/><line number="364" hits="1"/><line number="365" hits="1"/><line number="366" hits="1"/><line number="367" hits="1"/><line number="368" hits="1"/><line number="369" hits="1"/><line number="371" hits="1"/><line number="380" hits="4"/><line number="381" hits="4"/><line number="382" hits="2"/><line number="384" hits="2"/><line number="390" hits="0"/><line number="391" hits="0"/></lines></class><class name="helpers" filename="src/helpers.rs" line-rate="0.6666666666666666" branch-rate="0" complexity="0"><methods/><lines><line number="4" hits="3"/><line number="5" hits="3"/><line number="10" hits="0"/></lines></class></classes></package></packages></coverage>